<?xml version="1.0" encoding="UTF-8"?>
<testng-results ignored="0" total="18" passed="18" failed="0" skipped="0">
  <reporter-output>
    <line>
      <![CDATA[Navigated to: https://puffy.com/products/puffy-lux-mattress]]>
    </line>
    <line>
      <![CDATA[Clicked on items added to cart]]>
    </line>
    <line>
      <![CDATA[Navigated to: https://puffy.com/products/puffy-lux-mattress]]>
    </line>
    <line>
      <![CDATA[Default model Twin is selected]]>
    </line>
    <line>
      <![CDATA[Verified default model: Twin specifications]]>
    </line>
    <line>
      <![CDATA[Navigated to: https://puffy.com/products/puffy-lux-mattress]]>
    </line>
    <line>
      <![CDATA[Estimated month of delivery date is:January]]>
    </line>
    <line>
      <![CDATA[Delivery status is Ready to ship]]>
    </line>
    <line>
      <![CDATA[Navigated to: https://puffy.com/products/puffy-lux-mattress]]>
    </line>
    <line>
      <![CDATA[Clicked on model: Twin XL]]>
    </line>
    <line>
      <![CDATA[Product size is displayed as: 38"W x 80"L x 12"H]]>
    </line>
    <line>
      <![CDATA[Product price is displayed as: $1,799]]>
    </line>
    <line>
      <![CDATA[Navigated to: https://puffy.com/products/puffy-lux-mattress]]>
    </line>
    <line>
      <![CDATA[Clicked on model: Full]]>
    </line>
    <line>
      <![CDATA[Product size is displayed as: 54"W x 75"L x 12"H]]>
    </line>
    <line>
      <![CDATA[Product price is displayed as: $2,049]]>
    </line>
    <line>
      <![CDATA[Navigated to: https://puffy.com/products/puffy-lux-mattress]]>
    </line>
    <line>
      <![CDATA[Clicked on model: Queen]]>
    </line>
    <line>
      <![CDATA[Product size is displayed as: 60"W x 80"L x 12"H]]>
    </line>
    <line>
      <![CDATA[Product price is displayed as: $2,249]]>
    </line>
    <line>
      <![CDATA[Navigated to: https://puffy.com/products/puffy-lux-mattress]]>
    </line>
    <line>
      <![CDATA[Clicked on model: King]]>
    </line>
    <line>
      <![CDATA[Product size is displayed as: 76"W x 80"L x 12"H]]>
    </line>
    <line>
      <![CDATA[Product price is displayed as: $2,449]]>
    </line>
    <line>
      <![CDATA[Navigated to: https://puffy.com/products/puffy-lux-mattress]]>
    </line>
    <line>
      <![CDATA[Clicked on model: Cal King]]>
    </line>
    <line>
      <![CDATA[Product size is displayed as: 72"W x 84"L x 12"H]]>
    </line>
    <line>
      <![CDATA[Product price is displayed as: $2,449]]>
    </line>
    <line>
      <![CDATA[Navigated to: https://puffy.com/products/puffy-lux-mattress]]>
    </line>
    <line>
      <![CDATA[Clicked on model: Split King]]>
    </line>
    <line>
      <![CDATA[Product size is displayed as: 2 - 38"W x 80"L x 12"H]]>
    </line>
    <line>
      <![CDATA[Product price is displayed as: $3,598]]>
    </line>
    <line>
      <![CDATA[Navigated to: https://puffy.com/products/puffy-lux-mattress]]>
    </line>
    <line>
      <![CDATA[Discount coupon code and discounted price is displayed]]>
    </line>
    <line>
      <![CDATA[Navigated to: https://puffy.com/products/puffy-lux-mattress]]>
    </line>
    <line>
      <![CDATA[Clicked on model: Queen]]>
    </line>
    <line>
      <![CDATA[Model price: $2,249]]>
    </line>
    <line>
      <![CDATA[Navigated to checkout page]]>
    </line>
    <line>
      <![CDATA[Checked out screen is displayed]]>
    </line>
    <line>
      <![CDATA[Navigated to: https://puffy.com/products/puffy-lux-mattress]]>
    </line>
    <line>
      <![CDATA[Product images/video slides are displayed]]>
    </line>
    <line>
      <![CDATA[Navigated to: https://puffy.com/products/puffy-lux-mattress]]>
    </line>
    <line>
      <![CDATA[Clicked on model: Queen and added to cart]]>
    </line>
    <line>
      <![CDATA[Items are displayed in checkout screen]]>
    </line>
    <line>
      <![CDATA[Navigated to: https://puffy.com/products/puffy-lux-mattress]]>
    </line>
    <line>
      <![CDATA[Product has been added to cart first time with items in cart count: 1]]>
    </line>
    <line>
      <![CDATA[Product has been added to cart second time]]>
    </line>
    <line>
      <![CDATA[Navigated to: https://puffy.com/products/puffy-lux-mattress]]>
    </line>
    <line>
      <![CDATA[Product has been checked out using Buy Now option]]>
    </line>
    <line>
      <![CDATA[Navigated to: https://puffy.com/products/puffy-lux-mattress]]>
    </line>
    <line>
      <![CDATA[Additional details are displayed]]>
    </line>
    <line>
      <![CDATA[Navigated to: https://puffy.com/products/puffy-lux-mattress]]>
    </line>
    <line>
      <![CDATA[Navigated to: https://puffy.com/products/puffy-lux-mattress]]>
    </line>
    <line>
      <![CDATA[Product rating is displayed as >= 4]]>
    </line>
    <line>
      <![CDATA[Review and FAQ sections are displayed]]>
    </line>
  </reporter-output>
  <suite started-at="2023-01-02T07:56:32 IST" name="All Test Suite" finished-at="2023-01-02T07:58:33 IST" duration-ms="121268">
    <groups>
    </groups>
    <test started-at="2023-01-02T07:56:32 IST" name="ProductListing.java" finished-at="2023-01-02T07:58:33 IST" duration-ms="121268">
      <class name="ProductListing">
        <test-method is-config="true" signature="getCredentials()[pri:0, instance:ProductListing@2bfc268b]" started-at="2023-01-02T07:56:32 IST" name="getCredentials" finished-at="2023-01-02T07:56:32 IST" duration-ms="7" status="PASS">
          <reporter-output>
          </reporter-output>
        </test-method> <!-- getCredentials -->
        <test-method is-config="true" signature="setUpOpen()[pri:0, instance:ProductListing@2bfc268b]" started-at="2023-01-02T07:56:32 IST" name="setUpOpen" finished-at="2023-01-02T07:56:36 IST" duration-ms="4572" status="PASS">
          <reporter-output>
          </reporter-output>
        </test-method> <!-- setUpOpen -->
        <test-method signature="verifyCheckoutFromProductsAddedToCart()[pri:0, instance:ProductListing@2bfc268b]" started-at="2023-01-02T07:56:36 IST" name="verifyCheckoutFromProductsAddedToCart" description="Verify user is able to proceed to checkout screen using the add cart option" finished-at="2023-01-02T07:56:55 IST" duration-ms="18913" status="PASS">
          <reporter-output>
            <line>
              <![CDATA[Navigated to: https://puffy.com/products/puffy-lux-mattress]]>
            </line>
            <line>
              <![CDATA[Clicked on items added to cart]]>
            </line>
          </reporter-output>
        </test-method> <!-- verifyCheckoutFromProductsAddedToCart -->
        <test-method is-config="true" signature="setUpOpen()[pri:0, instance:ProductListing@2bfc268b]" started-at="2023-01-02T07:56:55 IST" name="setUpOpen" finished-at="2023-01-02T07:56:57 IST" duration-ms="1372" status="PASS">
          <reporter-output>
          </reporter-output>
        </test-method> <!-- setUpOpen -->
        <test-method signature="verifyDefaultSelectedProductSpecs()[pri:0, instance:ProductListing@2bfc268b]" started-at="2023-01-02T07:56:57 IST" name="verifyDefaultSelectedProductSpecs" description="Verify twin mattress is selected by default and verify its specifications" finished-at="2023-01-02T07:56:59 IST" duration-ms="2091" status="PASS">
          <reporter-output>
            <line>
              <![CDATA[Navigated to: https://puffy.com/products/puffy-lux-mattress]]>
            </line>
            <line>
              <![CDATA[Default model Twin is selected]]>
            </line>
            <line>
              <![CDATA[Verified default model: Twin specifications]]>
            </line>
          </reporter-output>
        </test-method> <!-- verifyDefaultSelectedProductSpecs -->
        <test-method is-config="true" signature="setUpOpen()[pri:0, instance:ProductListing@2bfc268b]" started-at="2023-01-02T07:56:59 IST" name="setUpOpen" finished-at="2023-01-02T07:56:59 IST" duration-ms="340" status="PASS">
          <reporter-output>
          </reporter-output>
        </test-method> <!-- setUpOpen -->
        <test-method signature="verifyDeliveryStatusAndEstimatedDeliveryDate()[pri:0, instance:ProductListing@2bfc268b]" started-at="2023-01-02T07:56:59 IST" name="verifyDeliveryStatusAndEstimatedDeliveryDate" description="Verify delivery status and verify expected shipment date is not displayed in past" finished-at="2023-01-02T07:57:01 IST" duration-ms="1798" status="PASS">
          <reporter-output>
            <line>
              <![CDATA[Navigated to: https://puffy.com/products/puffy-lux-mattress]]>
            </line>
            <line>
              <![CDATA[Estimated month of delivery date is:January]]>
            </line>
            <line>
              <![CDATA[Delivery status is Ready to ship]]>
            </line>
          </reporter-output>
        </test-method> <!-- verifyDeliveryStatusAndEstimatedDeliveryDate -->
        <test-method is-config="true" signature="setUpOpen()[pri:0, instance:ProductListing@2bfc268b]" started-at="2023-01-02T07:57:01 IST" name="setUpOpen" finished-at="2023-01-02T07:57:01 IST" duration-ms="295" status="PASS">
          <reporter-output>
          </reporter-output>
        </test-method> <!-- setUpOpen -->
        <test-method signature="verifyDifferentSizesOfSameProductCanBeSelected(java.lang.String, java.lang.String, java.lang.String, java.lang.String)[pri:0, instance:ProductListing@2bfc268b]" started-at="2023-01-02T07:57:01 IST" name="verifyDifferentSizesOfSameProductCanBeSelected" description="Verify user is able to select and view different sizes and their specs" data-provider="getModelsAndPricing" finished-at="2023-01-02T07:57:03 IST" duration-ms="2302" status="PASS">
          <params>
            <param index="0">
              <value>
                <![CDATA[Twin XL]]>
              </value>
            </param>
            <param index="1">
              <value>
                <![CDATA[twin-xl]]>
              </value>
            </param>
            <param index="2">
              <value>
                <![CDATA[38"W x 80"L x 12"H]]>
              </value>
            </param>
            <param index="3">
              <value>
                <![CDATA[$1,799]]>
              </value>
            </param>
          </params>
          <reporter-output>
            <line>
              <![CDATA[Navigated to: https://puffy.com/products/puffy-lux-mattress]]>
            </line>
            <line>
              <![CDATA[Clicked on model: Twin XL]]>
            </line>
            <line>
              <![CDATA[Product size is displayed as: 38"W x 80"L x 12"H]]>
            </line>
            <line>
              <![CDATA[Product price is displayed as: $1,799]]>
            </line>
          </reporter-output>
        </test-method> <!-- verifyDifferentSizesOfSameProductCanBeSelected -->
        <test-method is-config="true" signature="setUpOpen()[pri:0, instance:ProductListing@2bfc268b]" started-at="2023-01-02T07:57:03 IST" name="setUpOpen" finished-at="2023-01-02T07:57:04 IST" duration-ms="341" status="PASS">
          <reporter-output>
          </reporter-output>
        </test-method> <!-- setUpOpen -->
        <test-method signature="verifyDifferentSizesOfSameProductCanBeSelected(java.lang.String, java.lang.String, java.lang.String, java.lang.String)[pri:0, instance:ProductListing@2bfc268b]" started-at="2023-01-02T07:57:04 IST" name="verifyDifferentSizesOfSameProductCanBeSelected" description="Verify user is able to select and view different sizes and their specs" data-provider="getModelsAndPricing" finished-at="2023-01-02T07:57:06 IST" duration-ms="2161" status="PASS">
          <params>
            <param index="0">
              <value>
                <![CDATA[Full]]>
              </value>
            </param>
            <param index="1">
              <value>
                <![CDATA[full]]>
              </value>
            </param>
            <param index="2">
              <value>
                <![CDATA[54"W x 75"L x 12"H]]>
              </value>
            </param>
            <param index="3">
              <value>
                <![CDATA[$2,049]]>
              </value>
            </param>
          </params>
          <reporter-output>
            <line>
              <![CDATA[Navigated to: https://puffy.com/products/puffy-lux-mattress]]>
            </line>
            <line>
              <![CDATA[Clicked on model: Full]]>
            </line>
            <line>
              <![CDATA[Product size is displayed as: 54"W x 75"L x 12"H]]>
            </line>
            <line>
              <![CDATA[Product price is displayed as: $2,049]]>
            </line>
          </reporter-output>
        </test-method> <!-- verifyDifferentSizesOfSameProductCanBeSelected -->
        <test-method is-config="true" signature="setUpOpen()[pri:0, instance:ProductListing@2bfc268b]" started-at="2023-01-02T07:57:06 IST" name="setUpOpen" finished-at="2023-01-02T07:57:07 IST" duration-ms="602" status="PASS">
          <reporter-output>
          </reporter-output>
        </test-method> <!-- setUpOpen -->
        <test-method signature="verifyDifferentSizesOfSameProductCanBeSelected(java.lang.String, java.lang.String, java.lang.String, java.lang.String)[pri:0, instance:ProductListing@2bfc268b]" started-at="2023-01-02T07:57:07 IST" name="verifyDifferentSizesOfSameProductCanBeSelected" description="Verify user is able to select and view different sizes and their specs" data-provider="getModelsAndPricing" finished-at="2023-01-02T07:57:09 IST" duration-ms="2340" status="PASS">
          <params>
            <param index="0">
              <value>
                <![CDATA[Queen]]>
              </value>
            </param>
            <param index="1">
              <value>
                <![CDATA[queen]]>
              </value>
            </param>
            <param index="2">
              <value>
                <![CDATA[60"W x 80"L x 12"H]]>
              </value>
            </param>
            <param index="3">
              <value>
                <![CDATA[$2,249]]>
              </value>
            </param>
          </params>
          <reporter-output>
            <line>
              <![CDATA[Navigated to: https://puffy.com/products/puffy-lux-mattress]]>
            </line>
            <line>
              <![CDATA[Clicked on model: Queen]]>
            </line>
            <line>
              <![CDATA[Product size is displayed as: 60"W x 80"L x 12"H]]>
            </line>
            <line>
              <![CDATA[Product price is displayed as: $2,249]]>
            </line>
          </reporter-output>
        </test-method> <!-- verifyDifferentSizesOfSameProductCanBeSelected -->
        <test-method is-config="true" signature="setUpOpen()[pri:0, instance:ProductListing@2bfc268b]" started-at="2023-01-02T07:57:09 IST" name="setUpOpen" finished-at="2023-01-02T07:57:09 IST" duration-ms="427" status="PASS">
          <reporter-output>
          </reporter-output>
        </test-method> <!-- setUpOpen -->
        <test-method signature="verifyDifferentSizesOfSameProductCanBeSelected(java.lang.String, java.lang.String, java.lang.String, java.lang.String)[pri:0, instance:ProductListing@2bfc268b]" started-at="2023-01-02T07:57:09 IST" name="verifyDifferentSizesOfSameProductCanBeSelected" description="Verify user is able to select and view different sizes and their specs" data-provider="getModelsAndPricing" finished-at="2023-01-02T07:57:12 IST" duration-ms="2516" status="PASS">
          <params>
            <param index="0">
              <value>
                <![CDATA[King]]>
              </value>
            </param>
            <param index="1">
              <value>
                <![CDATA[king]]>
              </value>
            </param>
            <param index="2">
              <value>
                <![CDATA[76"W x 80"L x 12"H]]>
              </value>
            </param>
            <param index="3">
              <value>
                <![CDATA[$2,449]]>
              </value>
            </param>
          </params>
          <reporter-output>
            <line>
              <![CDATA[Navigated to: https://puffy.com/products/puffy-lux-mattress]]>
            </line>
            <line>
              <![CDATA[Clicked on model: King]]>
            </line>
            <line>
              <![CDATA[Product size is displayed as: 76"W x 80"L x 12"H]]>
            </line>
            <line>
              <![CDATA[Product price is displayed as: $2,449]]>
            </line>
          </reporter-output>
        </test-method> <!-- verifyDifferentSizesOfSameProductCanBeSelected -->
        <test-method is-config="true" signature="setUpOpen()[pri:0, instance:ProductListing@2bfc268b]" started-at="2023-01-02T07:57:12 IST" name="setUpOpen" finished-at="2023-01-02T07:57:12 IST" duration-ms="315" status="PASS">
          <reporter-output>
          </reporter-output>
        </test-method> <!-- setUpOpen -->
        <test-method signature="verifyDifferentSizesOfSameProductCanBeSelected(java.lang.String, java.lang.String, java.lang.String, java.lang.String)[pri:0, instance:ProductListing@2bfc268b]" started-at="2023-01-02T07:57:12 IST" name="verifyDifferentSizesOfSameProductCanBeSelected" description="Verify user is able to select and view different sizes and their specs" data-provider="getModelsAndPricing" finished-at="2023-01-02T07:57:15 IST" duration-ms="2444" status="PASS">
          <params>
            <param index="0">
              <value>
                <![CDATA[Cal King]]>
              </value>
            </param>
            <param index="1">
              <value>
                <![CDATA[cal-king]]>
              </value>
            </param>
            <param index="2">
              <value>
                <![CDATA[72"W x 84"L x 12"H]]>
              </value>
            </param>
            <param index="3">
              <value>
                <![CDATA[$2,449]]>
              </value>
            </param>
          </params>
          <reporter-output>
            <line>
              <![CDATA[Navigated to: https://puffy.com/products/puffy-lux-mattress]]>
            </line>
            <line>
              <![CDATA[Clicked on model: Cal King]]>
            </line>
            <line>
              <![CDATA[Product size is displayed as: 72"W x 84"L x 12"H]]>
            </line>
            <line>
              <![CDATA[Product price is displayed as: $2,449]]>
            </line>
          </reporter-output>
        </test-method> <!-- verifyDifferentSizesOfSameProductCanBeSelected -->
        <test-method is-config="true" signature="setUpOpen()[pri:0, instance:ProductListing@2bfc268b]" started-at="2023-01-02T07:57:15 IST" name="setUpOpen" finished-at="2023-01-02T07:57:15 IST" duration-ms="697" status="PASS">
          <reporter-output>
          </reporter-output>
        </test-method> <!-- setUpOpen -->
        <test-method signature="verifyDifferentSizesOfSameProductCanBeSelected(java.lang.String, java.lang.String, java.lang.String, java.lang.String)[pri:0, instance:ProductListing@2bfc268b]" started-at="2023-01-02T07:57:15 IST" name="verifyDifferentSizesOfSameProductCanBeSelected" description="Verify user is able to select and view different sizes and their specs" data-provider="getModelsAndPricing" finished-at="2023-01-02T07:57:18 IST" duration-ms="2296" status="PASS">
          <params>
            <param index="0">
              <value>
                <![CDATA[Split King]]>
              </value>
            </param>
            <param index="1">
              <value>
                <![CDATA[split-king]]>
              </value>
            </param>
            <param index="2">
              <value>
                <![CDATA[2 - 38"W x 80"L x 12"H]]>
              </value>
            </param>
            <param index="3">
              <value>
                <![CDATA[$3,598]]>
              </value>
            </param>
          </params>
          <reporter-output>
            <line>
              <![CDATA[Navigated to: https://puffy.com/products/puffy-lux-mattress]]>
            </line>
            <line>
              <![CDATA[Clicked on model: Split King]]>
            </line>
            <line>
              <![CDATA[Product size is displayed as: 2 - 38"W x 80"L x 12"H]]>
            </line>
            <line>
              <![CDATA[Product price is displayed as: $3,598]]>
            </line>
          </reporter-output>
        </test-method> <!-- verifyDifferentSizesOfSameProductCanBeSelected -->
        <test-method is-config="true" signature="setUpOpen()[pri:0, instance:ProductListing@2bfc268b]" started-at="2023-01-02T07:57:18 IST" name="setUpOpen" finished-at="2023-01-02T07:57:18 IST" duration-ms="493" status="PASS">
          <reporter-output>
          </reporter-output>
        </test-method> <!-- setUpOpen -->
        <test-method signature="verifyDiscountPriceIsDisplayed()[pri:0, instance:ProductListing@2bfc268b]" started-at="2023-01-02T07:57:18 IST" name="verifyDiscountPriceIsDisplayed" description="Verify discounted price is displayed for the product if active coupon exists" finished-at="2023-01-02T07:57:20 IST" duration-ms="1847" status="PASS">
          <reporter-output>
            <line>
              <![CDATA[Navigated to: https://puffy.com/products/puffy-lux-mattress]]>
            </line>
            <line>
              <![CDATA[Discount coupon code and discounted price is displayed]]>
            </line>
          </reporter-output>
        </test-method> <!-- verifyDiscountPriceIsDisplayed -->
        <test-method is-config="true" signature="setUpOpen()[pri:0, instance:ProductListing@2bfc268b]" started-at="2023-01-02T07:57:20 IST" name="setUpOpen" finished-at="2023-01-02T07:57:20 IST" duration-ms="315" status="PASS">
          <reporter-output>
          </reporter-output>
        </test-method> <!-- setUpOpen -->
        <test-method signature="verifyFreeAddonsAndPricePassedFromListingToCheckoutScreen()[pri:0, instance:ProductListing@2bfc268b]" started-at="2023-01-02T07:57:20 IST" name="verifyFreeAddonsAndPricePassedFromListingToCheckoutScreen" description="Verify free addons and price of the selected product is displayed as the same in checkout screen" finished-at="2023-01-02T07:57:30 IST" duration-ms="10106" status="PASS">
          <reporter-output>
            <line>
              <![CDATA[Navigated to: https://puffy.com/products/puffy-lux-mattress]]>
            </line>
            <line>
              <![CDATA[Clicked on model: Queen]]>
            </line>
            <line>
              <![CDATA[Model price: $2,249]]>
            </line>
            <line>
              <![CDATA[Navigated to checkout page]]>
            </line>
            <line>
              <![CDATA[Checked out screen is displayed]]>
            </line>
          </reporter-output>
        </test-method> <!-- verifyFreeAddonsAndPricePassedFromListingToCheckoutScreen -->
        <test-method is-config="true" signature="setUpOpen()[pri:0, instance:ProductListing@2bfc268b]" started-at="2023-01-02T07:57:30 IST" name="setUpOpen" finished-at="2023-01-02T07:57:32 IST" duration-ms="1289" status="PASS">
          <reporter-output>
          </reporter-output>
        </test-method> <!-- setUpOpen -->
        <test-method signature="verifyImageAndVideoSlidesOnSelection()[pri:0, instance:ProductListing@2bfc268b]" started-at="2023-01-02T07:57:32 IST" name="verifyImageAndVideoSlidesOnSelection" description="Verify user is able to view and select multiple slide images and videos of the product" finished-at="2023-01-02T07:57:35 IST" duration-ms="3796" status="PASS">
          <reporter-output>
            <line>
              <![CDATA[Navigated to: https://puffy.com/products/puffy-lux-mattress]]>
            </line>
            <line>
              <![CDATA[Product images/video slides are displayed]]>
            </line>
          </reporter-output>
        </test-method> <!-- verifyImageAndVideoSlidesOnSelection -->
        <test-method is-config="true" signature="setUpOpen()[pri:0, instance:ProductListing@2bfc268b]" started-at="2023-01-02T07:57:35 IST" name="setUpOpen" finished-at="2023-01-02T07:57:36 IST" duration-ms="512" status="PASS">
          <reporter-output>
          </reporter-output>
        </test-method> <!-- setUpOpen -->
        <test-method signature="verifyItemNameAndQuantityPassedFromListingToCheckoutScreen()[pri:0, instance:ProductListing@2bfc268b]" started-at="2023-01-02T07:57:36 IST" name="verifyItemNameAndQuantityPassedFromListingToCheckoutScreen" description="Verify item name and quantity of the selected product is displayed as the same in checkout screen" finished-at="2023-01-02T07:58:02 IST" duration-ms="26271" status="PASS">
          <reporter-output>
            <line>
              <![CDATA[Navigated to: https://puffy.com/products/puffy-lux-mattress]]>
            </line>
            <line>
              <![CDATA[Clicked on model: Queen and added to cart]]>
            </line>
            <line>
              <![CDATA[Items are displayed in checkout screen]]>
            </line>
          </reporter-output>
        </test-method> <!-- verifyItemNameAndQuantityPassedFromListingToCheckoutScreen -->
        <test-method is-config="true" signature="setUpOpen()[pri:0, instance:ProductListing@2bfc268b]" started-at="2023-01-02T07:58:02 IST" name="setUpOpen" finished-at="2023-01-02T07:58:03 IST" duration-ms="487" status="PASS">
          <reporter-output>
          </reporter-output>
        </test-method> <!-- setUpOpen -->
        <test-method signature="verifyMultipleProductsCanBeAddedToCart()[pri:0, instance:ProductListing@2bfc268b]" started-at="2023-01-02T07:58:03 IST" name="verifyMultipleProductsCanBeAddedToCart" description="Verify user is able to add multiple products to the cart for future purchase" finished-at="2023-01-02T07:58:11 IST" duration-ms="8495" status="PASS">
          <reporter-output>
            <line>
              <![CDATA[Navigated to: https://puffy.com/products/puffy-lux-mattress]]>
            </line>
            <line>
              <![CDATA[Product has been added to cart first time with items in cart count: 1]]>
            </line>
            <line>
              <![CDATA[Product has been added to cart second time]]>
            </line>
          </reporter-output>
        </test-method> <!-- verifyMultipleProductsCanBeAddedToCart -->
        <test-method is-config="true" signature="setUpOpen()[pri:0, instance:ProductListing@2bfc268b]" started-at="2023-01-02T07:58:11 IST" name="setUpOpen" finished-at="2023-01-02T07:58:12 IST" duration-ms="346" status="PASS">
          <reporter-output>
          </reporter-output>
        </test-method> <!-- setUpOpen -->
        <test-method signature="verifyProductCanBeCheckedOutUsingBuyNow()[pri:0, instance:ProductListing@2bfc268b]" started-at="2023-01-02T07:58:12 IST" name="verifyProductCanBeCheckedOutUsingBuyNow" description="Verify user is able to guest checkout using buy now option" finished-at="2023-01-02T07:58:21 IST" duration-ms="9001" status="PASS">
          <reporter-output>
            <line>
              <![CDATA[Navigated to: https://puffy.com/products/puffy-lux-mattress]]>
            </line>
            <line>
              <![CDATA[Product has been checked out using Buy Now option]]>
            </line>
          </reporter-output>
        </test-method> <!-- verifyProductCanBeCheckedOutUsingBuyNow -->
        <test-method is-config="true" signature="setUpOpen()[pri:0, instance:ProductListing@2bfc268b]" started-at="2023-01-02T07:58:21 IST" name="setUpOpen" finished-at="2023-01-02T07:58:22 IST" duration-ms="1289" status="PASS">
          <reporter-output>
          </reporter-output>
        </test-method> <!-- setUpOpen -->
        <test-method signature="verifyProductFeaturesAndReasonsToBuy()[pri:0, instance:ProductListing@2bfc268b]" started-at="2023-01-02T07:58:22 IST" name="verifyProductFeaturesAndReasonsToBuy" description="Verify product features and reasons to buy are displayed as expected" finished-at="2023-01-02T07:58:25 IST" duration-ms="2751" status="PASS">
          <reporter-output>
            <line>
              <![CDATA[Navigated to: https://puffy.com/products/puffy-lux-mattress]]>
            </line>
            <line>
              <![CDATA[Additional details are displayed]]>
            </line>
          </reporter-output>
        </test-method> <!-- verifyProductFeaturesAndReasonsToBuy -->
        <test-method is-config="true" signature="setUpOpen()[pri:0, instance:ProductListing@2bfc268b]" started-at="2023-01-02T07:58:25 IST" name="setUpOpen" finished-at="2023-01-02T07:58:25 IST" duration-ms="752" status="PASS">
          <reporter-output>
          </reporter-output>
        </test-method> <!-- setUpOpen -->
        <test-method signature="verifyProductIsListedOnUsingDeepLink()[pri:0, instance:ProductListing@2bfc268b]" started-at="2023-01-02T07:58:25 IST" name="verifyProductIsListedOnUsingDeepLink" description="Verify successful redirection to puffy lux mattress on using deep link" finished-at="2023-01-02T07:58:27 IST" duration-ms="2022" status="PASS">
          <reporter-output>
            <line>
              <![CDATA[Navigated to: https://puffy.com/products/puffy-lux-mattress]]>
            </line>
          </reporter-output>
        </test-method> <!-- verifyProductIsListedOnUsingDeepLink -->
        <test-method is-config="true" signature="setUpOpen()[pri:0, instance:ProductListing@2bfc268b]" started-at="2023-01-02T07:58:27 IST" name="setUpOpen" finished-at="2023-01-02T07:58:28 IST" duration-ms="295" status="PASS">
          <reporter-output>
          </reporter-output>
        </test-method> <!-- setUpOpen -->
        <test-method signature="verifyProductReviewsRatingAndFAQs()[pri:0, instance:ProductListing@2bfc268b]" started-at="2023-01-02T07:58:28 IST" name="verifyProductReviewsRatingAndFAQs" description="Verify user is able to view reviews, ratings and frequently asked questions of the product" finished-at="2023-01-02T07:58:33 IST" duration-ms="5144" status="PASS">
          <reporter-output>
            <line>
              <![CDATA[Navigated to: https://puffy.com/products/puffy-lux-mattress]]>
            </line>
            <line>
              <![CDATA[Product rating is displayed as >= 4]]>
            </line>
            <line>
              <![CDATA[Review and FAQ sections are displayed]]>
            </line>
          </reporter-output>
        </test-method> <!-- verifyProductReviewsRatingAndFAQs -->
        <test-method is-config="true" signature="setUpClose()[pri:0, instance:ProductListing@2bfc268b]" started-at="2023-01-02T07:58:33 IST" name="setUpClose" finished-at="2023-01-02T07:58:33 IST" duration-ms="193" status="PASS">
          <reporter-output>
          </reporter-output>
        </test-method> <!-- setUpClose -->
      </class> <!-- ProductListing -->
    </test> <!-- ProductListing.java -->
  </suite> <!-- All Test Suite -->
</testng-results>
