<?xml version="1.0" encoding="UTF-8"?>
<testsuite xmlns:xsi="http://www.w3.org/2001/XMLSchema-instance" xsi:noNamespaceSchemaLocation="https://maven.apache.org/surefire/maven-surefire-plugin/xsd/surefire-test-report-3.0.xsd" version="3.0" name="TestSuite" time="92.692" tests="16" errors="0" skipped="0" failures="3">
  <properties>
[...]
</properties>
  <testcase name="verifyCheckoutFromProductsAddedToCart" classname="OrderPlacement" time="18.708">
    <system-out><![CDATA[******OrderPlacement.java*********
******OrderPlacement.java*********
]]></system-out>
    <system-err><![CDATA[SLF4J: No SLF4J providers were found.
SLF4J: Defaulting to no-operation (NOP) logger implementation
SLF4J: See https://www.slf4j.org/codes.html#noProviders for further details.
log4j:WARN No appenders could be found for logger (io.netty.util.internal.logging.InternalLoggerFactory).
log4j:WARN Please initialize the log4j system properly.
log4j:WARN See http://logging.apache.org/log4j/1.2/faq.html#noconfig for more info.
Starting ChromeDriver 108.0.5359.71 (1e0e3868ee06e91ad636a874420e3ca3ae3756ac-refs/branch-heads/5359@{#1016}) on port 8719
Only local connections are allowed.
Please see https://chromedriver.chromium.org/security-considerations for suggestions on keeping ChromeDriver safe.
ChromeDriver was started successfully.
Dec 31, 2022 11:28:31 AM org.openqa.selenium.remote.ProtocolHandshake createSession
INFO: Detected dialect: W3C
]]></system-err>
  </testcase>
  <testcase name="verifyDefaultSelectedProductSpecs" classname="OrderPlacement" time="2.99"/>
  <testcase name="verifyDeliveryStatusAndEstimatedDeliveryDate" classname="OrderPlacement" time="2.038"/>
  <testcase name="verifyDifferentSizesOfSameProductCanBeSelected[Twin XL, twin-xl, 38&quot;W x 80&quot;L x 12&quot;H, $1,799](1)" classname="OrderPlacement" time="2.303"/>
  <testcase name="verifyDifferentSizesOfSameProductCanBeSelected[Full, full, 54&quot;W x 75&quot;L x 12&quot;H, $2,049](2)" classname="OrderPlacement" time="2.42"/>
  <testcase name="verifyDifferentSizesOfSameProductCanBeSelected[Queen, queen, 60&quot;W x 80&quot;L x 12&quot;H, $2,249](3)" classname="OrderPlacement" time="2.57"/>
  <testcase name="verifyDifferentSizesOfSameProductCanBeSelected[King, king, 76&quot;W x 80&quot;L x 12&quot;H, $2,449](4)" classname="OrderPlacement" time="2.505"/>
  <testcase name="verifyDifferentSizesOfSameProductCanBeSelected[Cal King, cal-king, 72&quot;W x 84&quot;L x 12&quot;H, $2,449](5)" classname="OrderPlacement" time="2.506"/>
  <testcase name="verifyDifferentSizesOfSameProductCanBeSelected[Split King, split-king, 2 - 38&quot;W x 80&quot;L x 12&quot;H, $3,598](6)" classname="OrderPlacement" time="2.999"/>
  <testcase name="verifyFreeAddonsAndPricePassedFromListingToCheckoutScreen" classname="OrderPlacement" time="10.53">
    <failure message="Could not initialize class org.openqa.selenium.WebDriverException" type="java.lang.NoClassDefFoundError"><![CDATA[java.lang.NoClassDefFoundError: Could not initialize class org.openqa.selenium.WebDriverException
]]></failure>
    <system-out><![CDATA[*** Placed screen shot in ./ ***
*** Placed screen shot in ./ ***
]]></system-out>
  </testcase>
  <testcase name="verifyImageAndVideoSlidesOnSelection" classname="OrderPlacement" time="3.489"/>
  <testcase name="verifyMultipleProductsCanBeAddedToCart" classname="OrderPlacement" time="11.412">
    <failure message="User is able to add multiple products to cart for future purchase expected [true] but found [false]" type="java.lang.AssertionError"><![CDATA[java.lang.AssertionError: User is able to add multiple products to cart for future purchase expected [true] but found [false]
	at OrderPlacement.verifyMultipleProductsCanBeAddedToCart(OrderPlacement.java:82)
]]></failure>
    <system-out><![CDATA[*** Placed screen shot in ./ ***
*** Placed screen shot in ./ ***
]]></system-out>
  </testcase>
  <testcase name="verifyProductCanBeCheckedOutUsingBuyNow" classname="OrderPlacement" time="9.809">
    <failure message="Could not initialize class org.openqa.selenium.NoSuchElementException" type="java.lang.NoClassDefFoundError"><![CDATA[java.lang.NoClassDefFoundError: Could not initialize class org.openqa.selenium.NoSuchElementException
]]></failure>
    <system-out><![CDATA[*** Placed screen shot in ./ ***
*** Placed screen shot in ./ ***
]]></system-out>
  </testcase>
  <testcase name="verifyProductFeaturesAndReasonsToBuy" classname="OrderPlacement" time="3.681"/>
  <testcase name="verifyProductIsListedOnUsingDeepLink" classname="OrderPlacement" time="2.223"/>
  <testcase name="verifyProductReviewsRatingAndFAQs" classname="OrderPlacement" time="7.228"/>
</testsuite>