<?xml version="1.0" encoding="UTF-8"?>
<!-- Generated by org.testng.reporters.JUnitXMLReporter -->
<testsuite ignored="0" hostname="Vinayak-Kaladhar" failures="1" tests="17" name="OrderPlacement.java" time="154.633" errors="0" timestamp="2023-01-01T20:01:27 IST">
  <testcase classname="OrderPlacement" name="verifyCheckoutFromProductsAddedToCart" time="26.911"/>
  <testcase classname="OrderPlacement" name="verifyDefaultSelectedProductSpecs" time="2.984"/>
  <testcase classname="OrderPlacement" name="verifyDeliveryStatusAndEstimatedDeliveryDate" time="2.428"/>
  <testcase classname="OrderPlacement" name="verifyDifferentSizesOfSameProductCanBeSelected" time="4.024"/>
  <testcase classname="OrderPlacement" name="verifyDifferentSizesOfSameProductCanBeSelected" time="3.629"/>
  <testcase classname="OrderPlacement" name="verifyDifferentSizesOfSameProductCanBeSelected" time="3.113"/>
  <testcase classname="OrderPlacement" name="verifyDifferentSizesOfSameProductCanBeSelected" time="2.691"/>
  <testcase classname="OrderPlacement" name="verifyDifferentSizesOfSameProductCanBeSelected" time="2.76"/>
  <testcase classname="OrderPlacement" name="verifyDifferentSizesOfSameProductCanBeSelected" time="2.55"/>
  <testcase classname="OrderPlacement" name="verifyFreeAddonsAndPricePassedFromListingToCheckoutScreen" time="10.823">
    <failure type="java.lang.NoClassDefFoundError" message="Could not initialize class org.openqa.selenium.WebDriverException">
      <![CDATA[java.lang.NoClassDefFoundError: Could not initialize class org.openqa.selenium.WebDriverException
at java.base/jdk.internal.reflect.NativeConstructorAccessorImpl.newInstance0(Native Method)
at java.base/jdk.internal.reflect.NativeConstructorAccessorImpl.newInstance(NativeConstructorAccessorImpl.java:62)
at java.base/jdk.internal.reflect.DelegatingConstructorAccessorImpl.newInstance(DelegatingConstructorAccessorImpl.java:45)
at java.base/java.lang.reflect.Constructor.newInstance(Constructor.java:490)
at org.openqa.selenium.remote.codec.w3c.W3CHttpResponseCodec.createException(W3CHttpResponseCodec.java:196)
at org.openqa.selenium.remote.codec.w3c.W3CHttpResponseCodec.decode(W3CHttpResponseCodec.java:129)
at org.openqa.selenium.remote.codec.w3c.W3CHttpResponseCodec.decode(W3CHttpResponseCodec.java:53)
at org.openqa.selenium.remote.HttpCommandExecutor.execute(HttpCommandExecutor.java:160)
at org.openqa.selenium.remote.service.DriverCommandExecutor.execute(DriverCommandExecutor.java:83)
at org.openqa.selenium.remote.RemoteWebDriver.execute(RemoteWebDriver.java:582)
at org.openqa.selenium.remote.RemoteWebElement.execute(RemoteWebElement.java:316)
at org.openqa.selenium.remote.RemoteWebElement.sendKeys(RemoteWebElement.java:115)
at java.base/jdk.internal.reflect.NativeMethodAccessorImpl.invoke0(Native Method)
at java.base/jdk.internal.reflect.NativeMethodAccessorImpl.invoke(NativeMethodAccessorImpl.java:62)
at java.base/jdk.internal.reflect.DelegatingMethodAccessorImpl.invoke(DelegatingMethodAccessorImpl.java:43)
at java.base/java.lang.reflect.Method.invoke(Method.java:566)
at org.openqa.selenium.support.pagefactory.internal.LocatingElementHandler.invoke(LocatingElementHandler.java:52)
at com.sun.proxy.$Proxy17.sendKeys(Unknown Source)
at POM.CheckoutPage.enterDetails(CheckoutPage.java:55)
at OrderPlacement.verifyFreeAddonsAndPricePassedFromListingToCheckoutScreen(OrderPlacement.java:157)
at java.base/jdk.internal.reflect.NativeMethodAccessorImpl.invoke0(Native Method)
at java.base/jdk.internal.reflect.NativeMethodAccessorImpl.invoke(NativeMethodAccessorImpl.java:62)
at java.base/jdk.internal.reflect.DelegatingMethodAccessorImpl.invoke(DelegatingMethodAccessorImpl.java:43)
at java.base/java.lang.reflect.Method.invoke(Method.java:566)
at org.testng.internal.MethodInvocationHelper.invokeMethod(MethodInvocationHelper.java:134)
at org.testng.internal.TestInvoker.invokeMethod(TestInvoker.java:597)
at org.testng.internal.TestInvoker.invokeTestMethod(TestInvoker.java:173)
at org.testng.internal.MethodRunner.runInSequence(MethodRunner.java:46)
at org.testng.internal.TestInvoker$MethodInvocationAgent.invoke(TestInvoker.java:816)
at org.testng.internal.TestInvoker.invokeTestMethods(TestInvoker.java:146)
at org.testng.internal.TestMethodWorker.invokeTestMethods(TestMethodWorker.java:146)
at org.testng.internal.TestMethodWorker.run(TestMethodWorker.java:128)
at java.base/java.util.concurrent.ThreadPoolExecutor.runWorker(ThreadPoolExecutor.java:1128)
at java.base/java.util.concurrent.ThreadPoolExecutor$Worker.run(ThreadPoolExecutor.java:628)
at java.base/java.lang.Thread.run(Thread.java:829)
]]>
    </failure>
  </testcase> <!-- verifyFreeAddonsAndPricePassedFromListingToCheckoutScreen -->
  <testcase classname="OrderPlacement" name="verifyImageAndVideoSlidesOnSelection" time="4.318"/>
  <testcase classname="OrderPlacement" name="verifyItemNameAndQuantityPassedFromListingToCheckoutScreen" time="21.677"/>
  <testcase classname="OrderPlacement" name="verifyMultipleProductsCanBeAddedToCart" time="9.94"/>
  <testcase classname="OrderPlacement" name="verifyProductCanBeCheckedOutUsingBuyNow" time="22.361"/>
  <testcase classname="OrderPlacement" name="verifyProductFeaturesAndReasonsToBuy" time="4.672"/>
  <testcase classname="OrderPlacement" name="verifyProductIsListedOnUsingDeepLink" time="2.123"/>
  <testcase classname="OrderPlacement" name="verifyProductReviewsRatingAndFAQs" time="7.622"/>
</testsuite> <!-- OrderPlacement.java -->
