<?xml version="1.0" encoding="UTF-8"?>
<!-- Generated by org.testng.reporters.JUnitXMLReporter -->
<testsuite ignored="0" hostname="Vinayak-Kaladhar" failures="1" tests="17" name="OrderPlacement.java" time="133.092" errors="0" timestamp="2023-01-01T18:21:04 IST">
  <testcase classname="OrderPlacement" name="verifyCheckoutFromProductsAddedToCart" time="24.148"/>
  <testcase classname="OrderPlacement" name="verifyDefaultSelectedProductSpecs" time="2.947"/>
  <testcase classname="OrderPlacement" name="verifyDeliveryStatusAndEstimatedDeliveryDate" time="2.189"/>
  <testcase classname="OrderPlacement" name="verifyDifferentSizesOfSameProductCanBeSelected" time="3.365"/>
  <testcase classname="OrderPlacement" name="verifyDifferentSizesOfSameProductCanBeSelected" time="2.443"/>
  <testcase classname="OrderPlacement" name="verifyDifferentSizesOfSameProductCanBeSelected" time="2.85"/>
  <testcase classname="OrderPlacement" name="verifyDifferentSizesOfSameProductCanBeSelected" time="2.427"/>
  <testcase classname="OrderPlacement" name="verifyDifferentSizesOfSameProductCanBeSelected" time="2.635"/>
  <testcase classname="OrderPlacement" name="verifyDifferentSizesOfSameProductCanBeSelected" time="2.906"/>
  <testcase classname="OrderPlacement" name="verifyFreeAddonsAndPricePassedFromListingToCheckoutScreen" time="10.581"/>
  <testcase classname="OrderPlacement" name="verifyImageAndVideoSlidesOnSelection" time="4.171"/>
  <testcase classname="OrderPlacement" name="verifyItemNameAndQuantityPassedFromListingToCheckoutScreen" time="17.825">
    <failure type="java.lang.AssertionError" message="Item name and quantity of the selected product is displayed as the same in checkout screen expected [true] but found [false]">
      <![CDATA[java.lang.AssertionError: Item name and quantity of the selected product is displayed as the same in checkout screen expected [true] but found [false]
at org.testng.Assert.fail(Assert.java:97)
at org.testng.Assert.failNotEquals(Assert.java:969)
at org.testng.Assert.assertTrue(Assert.java:43)
at OrderPlacement.verifyItemNameAndQuantityPassedFromListingToCheckoutScreen(OrderPlacement.java:180)
at java.base/jdk.internal.reflect.NativeMethodAccessorImpl.invoke0(Native Method)
at java.base/jdk.internal.reflect.NativeMethodAccessorImpl.invoke(NativeMethodAccessorImpl.java:62)
at java.base/jdk.internal.reflect.DelegatingMethodAccessorImpl.invoke(DelegatingMethodAccessorImpl.java:43)
at java.base/java.lang.reflect.Method.invoke(Method.java:566)
at org.testng.internal.MethodInvocationHelper.invokeMethod(MethodInvocationHelper.java:134)
at org.testng.internal.TestInvoker.invokeMethod(TestInvoker.java:597)
at org.testng.internal.TestInvoker.invokeTestMethod(TestInvoker.java:173)
at org.testng.internal.MethodRunner.runInSequence(MethodRunner.java:46)
at org.testng.internal.TestInvoker$MethodInvocationAgent.invoke(TestInvoker.java:816)
at org.testng.internal.TestInvoker.invokeTestMethods(TestInvoker.java:146)
at org.testng.internal.TestMethodWorker.invokeTestMethods(TestMethodWorker.java:146)
at org.testng.internal.TestMethodWorker.run(TestMethodWorker.java:128)
at java.base/java.util.concurrent.ThreadPoolExecutor.runWorker(ThreadPoolExecutor.java:1128)
at java.base/java.util.concurrent.ThreadPoolExecutor$Worker.run(ThreadPoolExecutor.java:628)
at java.base/java.lang.Thread.run(Thread.java:829)
]]>
    </failure>
  </testcase> <!-- verifyItemNameAndQuantityPassedFromListingToCheckoutScreen -->
  <testcase classname="OrderPlacement" name="verifyMultipleProductsCanBeAddedToCart" time="9.641"/>
  <testcase classname="OrderPlacement" name="verifyProductCanBeCheckedOutUsingBuyNow" time="13.677"/>
  <testcase classname="OrderPlacement" name="verifyProductFeaturesAndReasonsToBuy" time="3.478"/>
  <testcase classname="OrderPlacement" name="verifyProductIsListedOnUsingDeepLink" time="2.208"/>
  <testcase classname="OrderPlacement" name="verifyProductReviewsRatingAndFAQs" time="6.526"/>
</testsuite> <!-- OrderPlacement.java -->
