<?xml version="1.0" encoding="UTF-8"?>
<!-- Generated by org.testng.reporters.JUnitXMLReporter -->
<testsuite ignored="0" hostname="Vinayak-Kaladhar" failures="0" tests="18" name="ProductListing.java" time="121.268" errors="0" timestamp="2023-01-02T07:58:33 IST">
  <testcase classname="ProductListing" name="verifyCheckoutFromProductsAddedToCart" time="18.913"/>
  <testcase classname="ProductListing" name="verifyDefaultSelectedProductSpecs" time="2.091"/>
  <testcase classname="ProductListing" name="verifyDeliveryStatusAndEstimatedDeliveryDate" time="1.798"/>
  <testcase classname="ProductListing" name="verifyDifferentSizesOfSameProductCanBeSelected" time="2.302"/>
  <testcase classname="ProductListing" name="verifyDifferentSizesOfSameProductCanBeSelected" time="2.161"/>
  <testcase classname="ProductListing" name="verifyDifferentSizesOfSameProductCanBeSelected" time="2.34"/>
  <testcase classname="ProductListing" name="verifyDifferentSizesOfSameProductCanBeSelected" time="2.516"/>
  <testcase classname="ProductListing" name="verifyDifferentSizesOfSameProductCanBeSelected" time="2.444"/>
  <testcase classname="ProductListing" name="verifyDifferentSizesOfSameProductCanBeSelected" time="2.296"/>
  <testcase classname="ProductListing" name="verifyDiscountPriceIsDisplayed" time="1.847"/>
  <testcase classname="ProductListing" name="verifyFreeAddonsAndPricePassedFromListingToCheckoutScreen" time="10.106"/>
  <testcase classname="ProductListing" name="verifyImageAndVideoSlidesOnSelection" time="3.796"/>
  <testcase classname="ProductListing" name="verifyItemNameAndQuantityPassedFromListingToCheckoutScreen" time="26.271"/>
  <testcase classname="ProductListing" name="verifyMultipleProductsCanBeAddedToCart" time="8.495"/>
  <testcase classname="ProductListing" name="verifyProductCanBeCheckedOutUsingBuyNow" time="9.001"/>
  <testcase classname="ProductListing" name="verifyProductFeaturesAndReasonsToBuy" time="2.751"/>
  <testcase classname="ProductListing" name="verifyProductIsListedOnUsingDeepLink" time="2.022"/>
  <testcase classname="ProductListing" name="verifyProductReviewsRatingAndFAQs" time="5.144"/>
</testsuite> <!-- ProductListing.java -->
