<?xml version="1.0" encoding="UTF-8"?>
<!-- Generated by org.testng.reporters.JUnitXMLReporter -->
<testsuite ignored="0" hostname="Vinayak-Kaladhar" failures="0" tests="18" name="ProductListing.java" time="146.644" errors="0" timestamp="2023-01-02T08:06:36 IST">
  <testcase classname="ProductListing" name="verifyCheckoutFromProductsAddedToCart" time="21.986"/>
  <testcase classname="ProductListing" name="verifyDefaultSelectedProductSpecs" time="2.904"/>
  <testcase classname="ProductListing" name="verifyDeliveryStatusAndEstimatedDeliveryDate" time="2.059"/>
  <testcase classname="ProductListing" name="verifyDifferentSizesOfSameProductCanBeSelected" time="2.609"/>
  <testcase classname="ProductListing" name="verifyDifferentSizesOfSameProductCanBeSelected" time="2.976"/>
  <testcase classname="ProductListing" name="verifyDifferentSizesOfSameProductCanBeSelected" time="2.951"/>
  <testcase classname="ProductListing" name="verifyDifferentSizesOfSameProductCanBeSelected" time="2.618"/>
  <testcase classname="ProductListing" name="verifyDifferentSizesOfSameProductCanBeSelected" time="2.985"/>
  <testcase classname="ProductListing" name="verifyDifferentSizesOfSameProductCanBeSelected" time="2.566"/>
  <testcase classname="ProductListing" name="verifyDiscountPriceIsDisplayed" time="2.463"/>
  <testcase classname="ProductListing" name="verifyFreeAddonsAndPricePassedFromListingToCheckoutScreen" time="12.505"/>
  <testcase classname="ProductListing" name="verifyImageAndVideoSlidesOnSelection" time="4.2"/>
  <testcase classname="ProductListing" name="verifyItemNameAndQuantityPassedFromListingToCheckoutScreen" time="21.535"/>
  <testcase classname="ProductListing" name="verifyMultipleProductsCanBeAddedToCart" time="9.687"/>
  <testcase classname="ProductListing" name="verifyProductCanBeCheckedOutUsingBuyNow" time="21.391"/>
  <testcase classname="ProductListing" name="verifyProductFeaturesAndReasonsToBuy" time="4.114"/>
  <testcase classname="ProductListing" name="verifyProductIsListedOnUsingDeepLink" time="2.417"/>
  <testcase classname="ProductListing" name="verifyProductReviewsRatingAndFAQs" time="7.012"/>
</testsuite> <!-- ProductListing.java -->
